"2022-07-10 18:53:39 [main] INFO  c.c.d.c.MutualFundControllerTest - Starting MutualFundControllerTest using Java 18.0.1.1 on DESKTOP-CKEOMJT with PID 10072 (started by AshirwadComp in F:\Portfolio_Management_System\DailyMutualFundNAV)
""2022-07-10 18:53:39 [main] INFO  c.c.d.c.MutualFundControllerTest - No active profile set, falling back to 1 default profile: "default"
""2022-07-10 18:53:44 [main] INFO  o.s.b.t.m.w.SpringBootMockServletContext - Initializing Spring TestDispatcherServlet ''
""2022-07-10 18:53:44 [main] INFO  o.s.t.w.s.TestDispatcherServlet - Initializing Servlet ''
""2022-07-10 18:53:44 [main] INFO  o.s.t.w.s.TestDispatcherServlet - Completed initialization in 3 ms
""2022-07-10 18:53:45 [main] INFO  c.c.d.c.MutualFundControllerTest - Started MutualFundControllerTest in 7.342 seconds (JVM running for 9.754)
""2022-07-10 18:53:45 [main] INFO  c.c.d.c.MutualFundController - Fetching MutualFund using MutualName
""2022-07-10 18:53:45 [main] INFO  o.s.b.t.c.SpringBootTestContextBootstrapper - Neither @ContextConfiguration nor @ContextHierarchy found for test class [com.cts.dailymutualfundnav.DailyMutualFundNavApplicationTests], using SpringBootContextLoader
""2022-07-10 18:53:45 [main] INFO  o.s.t.c.s.AbstractContextLoader - Could not detect default resource locations for test class [com.cts.dailymutualfundnav.DailyMutualFundNavApplicationTests]: no resource found for suffixes {-context.xml, Context.groovy}.
""2022-07-10 18:53:45 [main] INFO  o.s.t.c.s.AnnotationConfigContextLoaderUtils - Could not detect default configuration classes for test class [com.cts.dailymutualfundnav.DailyMutualFundNavApplicationTests]: DailyMutualFundNavApplicationTests does not declare any static, non-private, non-final, nested classes annotated with @Configuration.
""2022-07-10 18:53:45 [main] INFO  o.s.b.t.c.SpringBootTestContextBootstrapper - Found @SpringBootConfiguration com.cts.dailymutualfundnav.DailyMutualFundNavApplication for test class com.cts.dailymutualfundnav.DailyMutualFundNavApplicationTests
""2022-07-10 18:53:45 [main] INFO  o.s.b.t.c.SpringBootTestContextBootstrapper - Loaded default TestExecutionListener class names from location [META-INF/spring.factories]: [org.springframework.boot.test.mock.mockito.MockitoTestExecutionListener, org.springframework.boot.test.mock.mockito.ResetMocksTestExecutionListener, org.springframework.boot.test.autoconfigure.restdocs.RestDocsTestExecutionListener, org.springframework.boot.test.autoconfigure.web.client.MockRestServiceServerResetTestExecutionListener, org.springframework.boot.test.autoconfigure.web.servlet.MockMvcPrintOnlyOnFailureTestExecutionListener, org.springframework.boot.test.autoconfigure.web.servlet.WebDriverTestExecutionListener, org.springframework.boot.test.autoconfigure.webservices.client.MockWebServiceServerTestExecutionListener, org.springframework.test.context.web.ServletTestExecutionListener, org.springframework.test.context.support.DirtiesContextBeforeModesTestExecutionListener, org.springframework.test.context.event.ApplicationEventsTestExecutionListener, org.springframework.test.context.support.DependencyInjectionTestExecutionListener, org.springframework.test.context.support.DirtiesContextTestExecutionListener, org.springframework.test.context.transaction.TransactionalTestExecutionListener, org.springframework.test.context.jdbc.SqlScriptsTestExecutionListener, org.springframework.test.context.event.EventPublishingTestExecutionListener]
""2022-07-10 18:53:45 [main] INFO  o.s.b.t.c.SpringBootTestContextBootstrapper - Using TestExecutionListeners: [org.springframework.test.context.web.ServletTestExecutionListener@148b6f95, org.springframework.test.context.support.DirtiesContextBeforeModesTestExecutionListener@5ee581db, org.springframework.test.context.event.ApplicationEventsTestExecutionListener@5a6efe33, org.springframework.boot.test.mock.mockito.MockitoTestExecutionListener@3e5ebdfe, org.springframework.boot.test.autoconfigure.SpringBootDependencyInjectionTestExecutionListener@71668a67, org.springframework.test.context.support.DirtiesContextTestExecutionListener@3ff26c9, org.springframework.test.context.transaction.TransactionalTestExecutionListener@2ecdcfe3, org.springframework.test.context.jdbc.SqlScriptsTestExecutionListener@65b73689, org.springframework.test.context.event.EventPublishingTestExecutionListener@2047adea, org.springframework.boot.test.mock.mockito.ResetMocksTestExecutionListener@5af40e45, org.springframework.boot.test.autoconfigure.restdocs.RestDocsTestExecutionListener@1a06602f, org.springframework.boot.test.autoconfigure.web.client.MockRestServiceServerResetTestExecutionListener@46591e98, org.springframework.boot.test.autoconfigure.web.servlet.MockMvcPrintOnlyOnFailureTestExecutionListener@5b6cc344, org.springframework.boot.test.autoconfigure.web.servlet.WebDriverTestExecutionListener@2110684a, org.springframework.boot.test.autoconfigure.webservices.client.MockWebServiceServerTestExecutionListener@83e635f]
""2022-07-10 18:53:46 [main] INFO  c.c.d.DailyMutualFundNavApplicationTests - Starting DailyMutualFundNavApplicationTests using Java 18.0.1.1 on DESKTOP-CKEOMJT with PID 10072 (started by AshirwadComp in F:\Portfolio_Management_System\DailyMutualFundNAV)
""2022-07-10 18:53:46 [main] INFO  c.c.d.DailyMutualFundNavApplicationTests - No active profile set, falling back to 1 default profile: "default"
""2022-07-10 18:53:47 [main] INFO  o.s.d.r.c.RepositoryConfigurationDelegate - Bootstrapping Spring Data JPA repositories in DEFAULT mode.
""2022-07-10 18:53:47 [main] INFO  o.s.d.r.c.RepositoryConfigurationDelegate - Finished Spring Data repository scanning in 124 ms. Found 1 JPA repository interfaces.
""2022-07-10 18:53:48 [main] INFO  o.s.cloud.context.scope.GenericScope - BeanFactory id=80eb5034-2b3d-3f6a-a91e-56718d1acf68
""2022-07-10 18:53:48 [main] INFO  com.zaxxer.hikari.HikariDataSource - HikariPool-1 - Starting...
""2022-07-10 18:53:49 [main] INFO  com.zaxxer.hikari.HikariDataSource - HikariPool-1 - Start completed.
""2022-07-10 18:53:49 [main] INFO  o.h.jpa.internal.util.LogHelper - HHH000204: Processing PersistenceUnitInfo [name: default]
""2022-07-10 18:53:49 [main] INFO  org.hibernate.Version - HHH000412: Hibernate ORM core version 5.6.5.Final
""2022-07-10 18:53:49 [main] INFO  o.h.annotations.common.Version - HCANN000001: Hibernate Commons Annotations {5.1.2.Final}
""2022-07-10 18:53:50 [main] INFO  org.hibernate.dialect.Dialect - HHH000400: Using dialect: org.hibernate.dialect.H2Dialect
""2022-07-10 18:53:51 [main] INFO  o.h.e.t.j.p.i.JtaPlatformInitiator - HHH000490: Using JtaPlatform implementation: [org.hibernate.engine.transaction.jta.platform.internal.NoJtaPlatform]
""2022-07-10 18:53:51 [main] INFO  o.s.o.j.LocalContainerEntityManagerFactoryBean - Initialized JPA EntityManagerFactory for persistence unit 'default'
""2022-07-10 18:53:52 [main] WARN  o.s.b.a.o.j.JpaBaseConfiguration$JpaWebConfiguration - spring.jpa.open-in-view is enabled by default. Therefore, database queries may be performed during view rendering. Explicitly configure spring.jpa.open-in-view to disable this warning
""2022-07-10 18:53:52 [main] INFO  o.s.b.a.h.H2ConsoleAutoConfiguration - H2 console available at '/h2-console'. Database available at 'jdbc:h2:mem:pms'
""2022-07-10 18:53:54 [main] INFO  c.c.d.DailyMutualFundNavApplicationTests - Started DailyMutualFundNavApplicationTests in 8.792 seconds (JVM running for 18.991)
""2022-07-10 18:53:54 [main] INFO  o.s.b.t.c.SpringBootTestContextBootstrapper - Neither @ContextConfiguration nor @ContextHierarchy found for test class [com.cts.dailymutualfundnav.model.MutualFundTest], using SpringBootContextLoader
""2022-07-10 18:53:54 [main] INFO  o.s.t.c.s.AbstractContextLoader - Could not detect default resource locations for test class [com.cts.dailymutualfundnav.model.MutualFundTest]: no resource found for suffixes {-context.xml, Context.groovy}.
""2022-07-10 18:53:54 [main] INFO  o.s.t.c.s.AnnotationConfigContextLoaderUtils - Could not detect default configuration classes for test class [com.cts.dailymutualfundnav.model.MutualFundTest]: MutualFundTest does not declare any static, non-private, non-final, nested classes annotated with @Configuration.
""2022-07-10 18:53:54 [main] INFO  o.s.b.t.c.SpringBootTestContextBootstrapper - Found @SpringBootConfiguration com.cts.dailymutualfundnav.DailyMutualFundNavApplication for test class com.cts.dailymutualfundnav.model.MutualFundTest
""2022-07-10 18:53:54 [main] INFO  o.s.b.t.c.SpringBootTestContextBootstrapper - Loaded default TestExecutionListener class names from location [META-INF/spring.factories]: [org.springframework.boot.test.mock.mockito.MockitoTestExecutionListener, org.springframework.boot.test.mock.mockito.ResetMocksTestExecutionListener, org.springframework.boot.test.autoconfigure.restdocs.RestDocsTestExecutionListener, org.springframework.boot.test.autoconfigure.web.client.MockRestServiceServerResetTestExecutionListener, org.springframework.boot.test.autoconfigure.web.servlet.MockMvcPrintOnlyOnFailureTestExecutionListener, org.springframework.boot.test.autoconfigure.web.servlet.WebDriverTestExecutionListener, org.springframework.boot.test.autoconfigure.webservices.client.MockWebServiceServerTestExecutionListener, org.springframework.test.context.web.ServletTestExecutionListener, org.springframework.test.context.support.DirtiesContextBeforeModesTestExecutionListener, org.springframework.test.context.event.ApplicationEventsTestExecutionListener, org.springframework.test.context.support.DependencyInjectionTestExecutionListener, org.springframework.test.context.support.DirtiesContextTestExecutionListener, org.springframework.test.context.transaction.TransactionalTestExecutionListener, org.springframework.test.context.jdbc.SqlScriptsTestExecutionListener, org.springframework.test.context.event.EventPublishingTestExecutionListener]
""2022-07-10 18:53:54 [main] INFO  o.s.b.t.c.SpringBootTestContextBootstrapper - Using TestExecutionListeners: [org.springframework.test.context.web.ServletTestExecutionListener@63cf6497, org.springframework.test.context.support.DirtiesContextBeforeModesTestExecutionListener@3c12f87d, org.springframework.test.context.event.ApplicationEventsTestExecutionListener@3207e6de, org.springframework.boot.test.mock.mockito.MockitoTestExecutionListener@637bf67c, org.springframework.boot.test.autoconfigure.SpringBootDependencyInjectionTestExecutionListener@7b88dd58, org.springframework.test.context.support.DirtiesContextTestExecutionListener@50720344, org.springframework.test.context.transaction.TransactionalTestExecutionListener@5dce3e82, org.springframework.test.context.jdbc.SqlScriptsTestExecutionListener@613aeb51, org.springframework.test.context.event.EventPublishingTestExecutionListener@5ce59833, org.springframework.boot.test.mock.mockito.ResetMocksTestExecutionListener@1ccdc8c8, org.springframework.boot.test.autoconfigure.restdocs.RestDocsTestExecutionListener@30dbcffd, org.springframework.boot.test.autoconfigure.web.client.MockRestServiceServerResetTestExecutionListener@60ddad4, org.springframework.boot.test.autoconfigure.web.servlet.MockMvcPrintOnlyOnFailureTestExecutionListener@76d9fe26, org.springframework.boot.test.autoconfigure.web.servlet.WebDriverTestExecutionListener@4a0e3bd, org.springframework.boot.test.autoconfigure.webservices.client.MockWebServiceServerTestExecutionListener@6a6a60f3]
""2022-07-10 18:53:55 [main] INFO  o.s.b.t.c.SpringBootTestContextBootstrapper - Neither @ContextConfiguration nor @ContextHierarchy found for test class [com.cts.dailymutualfundnav.service.MutualFundServiceTest], using SpringBootContextLoader
""2022-07-10 18:53:55 [main] INFO  o.s.t.c.s.AbstractContextLoader - Could not detect default resource locations for test class [com.cts.dailymutualfundnav.service.MutualFundServiceTest]: no resource found for suffixes {-context.xml, Context.groovy}.
""2022-07-10 18:53:55 [main] INFO  o.s.t.c.s.AnnotationConfigContextLoaderUtils - Could not detect default configuration classes for test class [com.cts.dailymutualfundnav.service.MutualFundServiceTest]: MutualFundServiceTest does not declare any static, non-private, non-final, nested classes annotated with @Configuration.
""2022-07-10 18:53:55 [main] INFO  o.s.b.t.c.SpringBootTestContextBootstrapper - Found @SpringBootConfiguration com.cts.dailymutualfundnav.DailyMutualFundNavApplication for test class com.cts.dailymutualfundnav.service.MutualFundServiceTest
""2022-07-10 18:53:55 [main] INFO  o.s.b.t.c.SpringBootTestContextBootstrapper - Loaded default TestExecutionListener class names from location [META-INF/spring.factories]: [org.springframework.boot.test.mock.mockito.MockitoTestExecutionListener, org.springframework.boot.test.mock.mockito.ResetMocksTestExecutionListener, org.springframework.boot.test.autoconfigure.restdocs.RestDocsTestExecutionListener, org.springframework.boot.test.autoconfigure.web.client.MockRestServiceServerResetTestExecutionListener, org.springframework.boot.test.autoconfigure.web.servlet.MockMvcPrintOnlyOnFailureTestExecutionListener, org.springframework.boot.test.autoconfigure.web.servlet.WebDriverTestExecutionListener, org.springframework.boot.test.autoconfigure.webservices.client.MockWebServiceServerTestExecutionListener, org.springframework.test.context.web.ServletTestExecutionListener, org.springframework.test.context.support.DirtiesContextBeforeModesTestExecutionListener, org.springframework.test.context.event.ApplicationEventsTestExecutionListener, org.springframework.test.context.support.DependencyInjectionTestExecutionListener, org.springframework.test.context.support.DirtiesContextTestExecutionListener, org.springframework.test.context.transaction.TransactionalTestExecutionListener, org.springframework.test.context.jdbc.SqlScriptsTestExecutionListener, org.springframework.test.context.event.EventPublishingTestExecutionListener]
""2022-07-10 18:53:55 [main] INFO  o.s.b.t.c.SpringBootTestContextBootstrapper - Using TestExecutionListeners: [org.springframework.test.context.web.ServletTestExecutionListener@2fedf25b, org.springframework.test.context.support.DirtiesContextBeforeModesTestExecutionListener@35825d43, org.springframework.test.context.event.ApplicationEventsTestExecutionListener@5f84e764, org.springframework.boot.test.mock.mockito.MockitoTestExecutionListener@5eaab295, org.springframework.boot.test.autoconfigure.SpringBootDependencyInjectionTestExecutionListener@1e95fc31, org.springframework.test.context.support.DirtiesContextTestExecutionListener@395ac2e5, org.springframework.test.context.transaction.TransactionalTestExecutionListener@419dbd6d, org.springframework.test.context.jdbc.SqlScriptsTestExecutionListener@4a2891d1, org.springframework.test.context.event.EventPublishingTestExecutionListener@7b6d88d1, org.springframework.boot.test.mock.mockito.ResetMocksTestExecutionListener@14cf30b3, org.springframework.boot.test.autoconfigure.restdocs.RestDocsTestExecutionListener@38159192, org.springframework.boot.test.autoconfigure.web.client.MockRestServiceServerResetTestExecutionListener@363d3958, org.springframework.boot.test.autoconfigure.web.servlet.MockMvcPrintOnlyOnFailureTestExecutionListener@2181144e, org.springframework.boot.test.autoconfigure.web.servlet.WebDriverTestExecutionListener@4ca6e265, org.springframework.boot.test.autoconfigure.webservices.client.MockWebServiceServerTestExecutionListener@582b6362]
""2022-07-10 18:53:55 [main] INFO  c.c.d.service.MutualFundServiceTest - Starting MutualFundServiceTest using Java 18.0.1.1 on DESKTOP-CKEOMJT with PID 10072 (started by AshirwadComp in F:\Portfolio_Management_System\DailyMutualFundNAV)
""2022-07-10 18:53:55 [main] INFO  c.c.d.service.MutualFundServiceTest - No active profile set, falling back to 1 default profile: "default"
""2022-07-10 18:53:56 [main] INFO  o.s.d.r.c.RepositoryConfigurationDelegate - Bootstrapping Spring Data JPA repositories in DEFAULT mode.
""2022-07-10 18:53:56 [main] INFO  o.s.d.r.c.RepositoryConfigurationDelegate - Finished Spring Data repository scanning in 13 ms. Found 1 JPA repository interfaces.
""2022-07-10 18:53:56 [main] INFO  o.s.cloud.context.scope.GenericScope - BeanFactory id=80eb5034-2b3d-3f6a-a91e-56718d1acf68
""2022-07-10 18:53:56 [main] INFO  com.zaxxer.hikari.HikariDataSource - HikariPool-2 - Starting...
""2022-07-10 18:53:56 [main] INFO  com.zaxxer.hikari.HikariDataSource - HikariPool-2 - Start completed.
""2022-07-10 18:53:56 [main] INFO  o.h.jpa.internal.util.LogHelper - HHH000204: Processing PersistenceUnitInfo [name: default]
""2022-07-10 18:53:56 [main] INFO  org.hibernate.dialect.Dialect - HHH000400: Using dialect: org.hibernate.dialect.H2Dialect
""2022-07-10 18:53:56 [main] INFO  o.h.e.t.j.p.i.JtaPlatformInitiator - HHH000490: Using JtaPlatform implementation: [org.hibernate.engine.transaction.jta.platform.internal.NoJtaPlatform]
""2022-07-10 18:53:56 [main] INFO  o.s.o.j.LocalContainerEntityManagerFactoryBean - Initialized JPA EntityManagerFactory for persistence unit 'default'
""2022-07-10 18:53:56 [main] WARN  o.s.b.a.o.j.JpaBaseConfiguration$JpaWebConfiguration - spring.jpa.open-in-view is enabled by default. Therefore, database queries may be performed during view rendering. Explicitly configure spring.jpa.open-in-view to disable this warning
""2022-07-10 18:53:56 [main] INFO  o.s.b.a.h.H2ConsoleAutoConfiguration - H2 console available at '/h2-console'. Database available at 'jdbc:h2:mem:pms'
""2022-07-10 18:53:58 [main] INFO  c.c.d.service.MutualFundServiceTest - Started MutualFundServiceTest in 3.581 seconds (JVM running for 22.914)
""2022-07-10 18:53:58 [SpringApplicationShutdownHook] INFO  o.s.o.j.LocalContainerEntityManagerFactoryBean - Closing JPA EntityManagerFactory for persistence unit 'default'
""2022-07-10 18:53:58 [SpringApplicationShutdownHook] INFO  com.zaxxer.hikari.HikariDataSource - HikariPool-1 - Shutdown initiated...
""2022-07-10 18:53:58 [SpringApplicationShutdownHook] INFO  com.zaxxer.hikari.HikariDataSource - HikariPool-1 - Shutdown completed.
""2022-07-10 18:53:58 [SpringApplicationShutdownHook] INFO  o.s.o.j.LocalContainerEntityManagerFactoryBean - Closing JPA EntityManagerFactory for persistence unit 'default'
""2022-07-10 18:53:58 [SpringApplicationShutdownHook] INFO  com.zaxxer.hikari.HikariDataSource - HikariPool-2 - Shutdown initiated...
""2022-07-10 18:53:58 [SpringApplicationShutdownHook] INFO  com.zaxxer.hikari.HikariDataSource - HikariPool-2 - Shutdown completed.
"